<?xml version="1.0" encoding="UTF-8"?>
<!-- Generated by org.testng.reporters.JUnitXMLReporter -->
<testsuite ignored="0" hostname="Admin-PC" failures="0" tests="4" name="Default test" time="0.102" errors="0" timestamp="22 Nov 2021 13:58:44 GMT">
  <testcase classname="org.testingjava.parallelexcution" name="tco3" time="0.018"/>
  <testcase classname="org.testingjava.parallelexcution" name="tco4" time="0.005"/>
  <testcase classname="org.testingjava.parallelexcution" name="tco5" time="0.006"/>
  <testcase classname="org.testingjava.parallelexcution" name="tco6" time="0.007"/>
</testsuite> <!-- Default test -->
