<?xml version="1.0" encoding="UTF-8"?>
<!-- Generated by org.testng.reporters.JUnitXMLReporter -->
<testsuite ignored="0" hostname="Admin-PC" failures="0" tests="4" name="Test" time="0.145" errors="0" timestamp="22 Nov 2021 14:22:17 GMT">
  <testcase classname="org.testingjava.parallelexcution" name="tco4" time="0.014"/>
  <testcase classname="org.testingjava.parallelexcution" name="tco6" time="0.043"/>
  <testcase classname="org.testingjava.parallelexcution" name="tco5" time="0.003"/>
  <testcase classname="org.testingjava.parallelexcution" name="tco3" time="0.002"/>
</testsuite> <!-- Test -->
